<?xml version="1.0" encoding="UTF-8"?>
<!-- Generated by org.testng.reporters.JUnitXMLReporter -->
<testsuite ignored="2" hostname="Nisha" failures="0" tests="1" name="Default test" time="5.712" errors="0" timestamp="2025-02-02T16:45:08 IST">
  <testcase classname="com.tutorialsninja.qa.testcases.Search" name="verifySearchbyValidName" time="0.682"/>
  <testcase classname="com.tutorialsninja.qa.testcases.Search" name="verifySearchWithoutProductName" time="0.0">
    <ignored/>
  </testcase> <!-- verifySearchWithoutProductName -->
  <testcase classname="com.tutorialsninja.qa.testcases.Search" name="VerifySearchNonExistingProduct" time="0.0">
    <ignored/>
  </testcase> <!-- VerifySearchNonExistingProduct -->
</testsuite> <!-- Default test -->
