<?xml version="1.0" encoding="UTF-8"?>
<testng-results ignored="0" total="1" passed="1" failed="0" skipped="0">
  <reporter-output>
  </reporter-output>
  <suite started-at="2025-02-02T16:45:02 IST" name="Default suite" finished-at="2025-02-02T16:45:08 IST" duration-ms="5712">
    <groups>
    </groups>
    <test started-at="2025-02-02T16:45:02 IST" name="Default test" finished-at="2025-02-02T16:45:08 IST" duration-ms="5712">
      <class name="com.tutorialsninja.qa.testcases.Search">
        <test-method is-config="true" signature="setup()[pri:0, instance:com.tutorialsninja.qa.testcases.Search@6069db50]" started-at="2025-02-02T16:45:02 IST" name="setup" finished-at="2025-02-02T16:45:07 IST" duration-ms="4808" status="PASS">
          <reporter-output>
          </reporter-output>
        </test-method> <!-- setup -->
        <test-method signature="verifySearchbyValidName()[pri:1, instance:com.tutorialsninja.qa.testcases.Search@6069db50]" started-at="2025-02-02T16:45:07 IST" name="verifySearchbyValidName" finished-at="2025-02-02T16:45:08 IST" duration-ms="682" status="PASS">
          <reporter-output>
          </reporter-output>
        </test-method> <!-- verifySearchbyValidName -->
        <test-method is-config="true" signature="tearDown()[pri:0, instance:com.tutorialsninja.qa.testcases.Search@6069db50]" started-at="2025-02-02T16:45:08 IST" name="tearDown" finished-at="2025-02-02T16:45:08 IST" duration-ms="145" status="PASS">
          <reporter-output>
          </reporter-output>
        </test-method> <!-- tearDown -->
      </class> <!-- com.tutorialsninja.qa.testcases.Search -->
    </test> <!-- Default test -->
  </suite> <!-- Default suite -->
</testng-results>
